Daily update - 2025-06-22T$(date -u +%H:%M:%S)Z
Initial setup for DevSync automated workflow management - 23f2001449@ds.study.iitm.ac.in
---
Daily update - Sun Jun 22 16:44:04 UTC 2025
Automated commit for DevSync workflow management
---
Daily update - Mon Jun 23 10:40:10 UTC 2025
Automated commit for DevSync workflow management
---
Daily update - Tue Jun 24 10:40:21 UTC 2025
Automated commit for DevSync workflow management
---
Daily update - Wed Jun 25 10:40:10 UTC 2025
Automated commit for DevSync workflow management
---
Daily update - Thu Jun 26 10:39:22 UTC 2025
Automated commit for DevSync workflow management
---
Daily update - Fri Jun 27 10:39:09 UTC 2025
Automated commit for DevSync workflow management
---
